51435    Male
Name: GENDER, dtype: object Female
53919    Female
Name: GENDER, dtype: object Male
54312    Female
Name: GENDER, dtype: object Male
Atelectasis ONES ZEROS NEGONES NANS
33217 1477 33632 154464
0.14909556084204856 0.006629561470443018 0.1509583015395664 0.693316576147942
Atelectasis AGE_AT_CXR Y0 Y1 Total
A0 910 102 1012
A1 13403 1935 15338
A2 33728 6839 40567
A3 44900 10506 55406
A4 19745 4125 23870
Atelectasis Sex Y0 Y1 Total
A0 66794 14243 81037
A1 45892 9264 55156
Atelectasis Race Y0 Y1 Total
A0 8651 1481 10132
A1 87205 18940 106145
A2 16830 3086 19916
Time Elapsed 356.87106943130493
51435    Male
Name: GENDER, dtype: object Female
53919    Female
Name: GENDER, dtype: object Male
54312    Female
Name: GENDER, dtype: object Male
Cardiomegaly ONES ZEROS NEGONES NANS
26960 11240 8061 176529
0.121010817361641 0.050451097446025404 0.03618205484985861 0.7923560303424749
Cardiomegaly AGE_AT_CXR Y0 Y1 Total
A0 962 134 1096
A1 15248 1582 16830
A2 41130 4768 45898
A3 55632 7965 63597
A4 22190 5278 27468
Cardiomegaly Sex Y0 Y1 Total
A0 79858 12230 92088
A1 55304 7497 62801
Cardiomegaly Race Y0 Y1 Total
A0 9036 2341 11377
A1 106723 14434 121157
A2 19403 2952 22355
Time Elapsed 404.8575882911682
51435    Male
Name: GENDER, dtype: object Female
53919    Female
Name: GENDER, dtype: object Male
54312    Female
Name: GENDER, dtype: object Male
Consolidation ONES ZEROS NEGONES NANS
14775 28198 27663 152154
0.06631805736343642 0.1265676197315858 0.12416625521791821 0.6829480676870595
Consolidation AGE_AT_CXR Y0 Y1 Total
A0 967 69 1036
A1 14391 1131 15522
A2 38791 2893 41684
A3 52918 4532 57450
A4 22917 2042 24959
Consolidation Sex Y0 Y1 Total
A0 77316 6289 83605
A1 52668 4378 57046
Consolidation Race Y0 Y1 Total
A0 9789 691 10480
A1 101311 8264 109575
A2 18884 1712 20596
Time Elapsed 367.5691523551941
51435    Male
Name: GENDER, dtype: object Female
53919    Female
Name: GENDER, dtype: object Male
54312    Female
Name: GENDER, dtype: object Male
Edema ONES ZEROS NEGONES NANS
52124 20857 12918 136891
0.23396023160824095 0.0936173077786256 0.05798285380851923 0.6144396068046142
Edema AGE_AT_CXR Y0 Y1 Total
A0 927 146 1073
A1 14047 2436 16483
A2 35051 9703 44754
A3 46427 15991 62418
A4 18317 8603 26920
Edema Sex Y0 Y1 Total
A0 68946 21442 90388
A1 45823 15437 61260
Edema Race Y0 Y1 Total
A0 8091 3051 11142
A1 89182 29223 118405
A2 17496 4605 22101
Time Elapsed 396.5209610462189
51435    Male
Name: GENDER, dtype: object Female
53919    Female
Name: GENDER, dtype: object Male
54312    Female
Name: GENDER, dtype: object Male
Pleural Effusion ONES ZEROS NEGONES NANS
85976 35472 11570 89772
0.3859060101440819 0.1592172000538624 0.05193231294043718 0.40294447686161855
PleuralEffusion AGE_AT_CXR Y0 Y1 Total
A0 776 303 1079
A1 11601 4852 16453
A2 28076 16986 45062
A3 34788 27775 62563
A4 14495 12776 27271
PleuralEffusion Sex Y0 Y1 Total
A0 53565 37016 90581
A1 36171 25676 61847
PleuralEffusion Race Y0 Y1 Total
A0 7512 3792 11304
A1 69425 49477 118902
A2 12799 9423 22222
Time Elapsed 391.2526581287384
